15:16:33 GET: /api/books user-agent: PostmanRuntime/7.28.4
15:16:37 GET: /api/booksdd user-agent: PostmanRuntime/7.28.4
15:16:46 GET: /api/books user-agent: PostmanRuntime/7.28.4
15:16:49 POST: /api/books user-agent: PostmanRuntime/7.28.4
15:16:51 GET: /api/books user-agent: PostmanRuntime/7.28.4
15:30:30 GET: /api/books user-agent: PostmanRuntime/7.28.4
15:30:33 GET: / user-agent: PostmanRuntime/7.28.4
15:31:26 GET: / user-agent: PostmanRuntime/7.28.4
15:31:40 GET: / user-agent: PostmanRuntime/7.28.4
15:31:54 GET: /FP user-agent: Mozilla/5.0 (Windows NT 10.0; WOW64) AppleWebKit/537.36 (KHTML, like Gecko) Chrome/77.0.3865.120 YaBrowser/19.10.3.281 Yowser/2.5 Safari/537.36
15:31:54 GET: /favicon.ico user-agent: Mozilla/5.0 (Windows NT 10.0; WOW64) AppleWebKit/537.36 (KHTML, like Gecko) Chrome/77.0.3865.120 YaBrowser/19.10.3.281 Yowser/2.5 Safari/537.36
15:31:59 GET: / user-agent: Mozilla/5.0 (Windows NT 10.0; WOW64) AppleWebKit/537.36 (KHTML, like Gecko) Chrome/77.0.3865.120 YaBrowser/19.10.3.281 Yowser/2.5 Safari/537.36
16:5:4 GET: /api/users/ user-agent: PostmanRuntime/7.28.4
16:5:8 GET: /api/users/login user-agent: PostmanRuntime/7.28.4
16:5:41 GET: /api/user/ user-agent: PostmanRuntime/7.28.4
16:5:45 GET: /api/user/login user-agent: PostmanRuntime/7.28.4
16:5:49 POST: /api/user/login user-agent: PostmanRuntime/7.28.4
16:54:13 GET: / user-agent: PostmanRuntime/7.28.4
16:54:26 POST: /api/books user-agent: PostmanRuntime/7.28.4
16:54:37 GET: /api/books user-agent: PostmanRuntime/7.28.4
17:32:55 POST: /api/books/upload-file user-agent: PostmanRuntime/7.28.4
17:33:36 POST: /api/books/upload-file user-agent: PostmanRuntime/7.28.4
17:34:46 POST: /api/books/upload-file user-agent: PostmanRuntime/7.28.4
17:35:41 POST: /api/books/upload-file user-agent: PostmanRuntime/7.28.4
17:36:22 POST: /api/books/upload-file user-agent: PostmanRuntime/7.28.4
17:36:24 POST: /api/books/upload-file user-agent: PostmanRuntime/7.28.4
17:36:25 POST: /api/books/upload-file user-agent: PostmanRuntime/7.28.4
17:36:25 POST: /api/books/upload-file user-agent: PostmanRuntime/7.28.4
17:37:0 POST: /api/books/upload-file user-agent: PostmanRuntime/7.28.4
17:37:58 POST: /api/books/upload-file user-agent: PostmanRuntime/7.28.4
17:38:49 POST: /api/books/upload-file user-agent: PostmanRuntime/7.28.4
17:39:7 POST: /api/books/upload-file user-agent: PostmanRuntime/7.28.4
17:40:22 POST: /api/books/upload-file user-agent: PostmanRuntime/7.28.4
17:41:58 POST: /api/books/upload-file user-agent: PostmanRuntime/7.28.4
